#! /usr/bin/vvp
:ivl_version "10.3 (stable)";
:ivl_delay_selection "TYPICAL";
:vpi_time_precision - 12;
:vpi_module "system";
:vpi_module "vhdl_sys";
:vpi_module "v2005_math";
:vpi_module "va_math";
S_0x564f2f155130 .scope module, "Expt_1_tb" "Expt_1_tb" 2 3;
 .timescale -9 -12;
v0x564f2f1addc0_0 .var "N", 2 0;
v0x564f2f1adea0_0 .var "N_valid", 0 0;
v0x564f2f1adf40_0 .var "clk", 0 0;
v0x564f2f1adfe0_0 .var "reset", 0 0;
v0x564f2f1ae080_0 .var "sum_ack", 0 0;
v0x564f2f1ae120_0 .net "sum_out", 4 0, v0x564f2f1adb40_0;  1 drivers
v0x564f2f1ae1c0_0 .net "sum_valid", 0 0, v0x564f2f1adc20_0;  1 drivers
S_0x564f2f1552b0 .scope module, "sum_N" "sum_N" 2 20, 3 3 0, S_0x564f2f155130;
 .timescale -9 -12;
    .port_info 0 /INPUT 1 "clk"
    .port_info 1 /INPUT 3 "N"
    .port_info 2 /INPUT 1 "N_valid_in"
    .port_info 3 /INPUT 1 "sum_ack"
    .port_info 4 /INPUT 1 "reset"
    .port_info 5 /OUTPUT 5 "sum_out"
    .port_info 6 /OUTPUT 1 "sum_valid"
P_0x564f2f191690 .param/l "BUSY" 0 3 5, C4<01>;
P_0x564f2f1916d0 .param/l "DONE" 0 3 6, C4<11>;
P_0x564f2f191710 .param/l "IDLE" 0 3 4, C4<00>;
L_0x564f2f18b230 .functor AND 1, L_0x564f2f1bee80, L_0x564f2f1befc0, C4<1>, C4<1>;
L_0x564f2f18b340 .functor AND 1, v0x564f2f1adea0_0, L_0x564f2f1bf1b0, C4<1>, C4<1>;
v0x564f2f17e960_0 .net "N", 2 0, v0x564f2f1addc0_0;  1 drivers
v0x564f2f17ea30_0 .net "N_valid", 0 0, L_0x564f2f18b340;  1 drivers
v0x564f2f1ac490_0 .net "N_valid_in", 0 0, v0x564f2f1adea0_0;  1 drivers
L_0x7f2683fd5018 .functor BUFT 1, C4<001>, C4<0>, C4<0>, C4<0>;
v0x564f2f1ac530_0 .net/2u *"_s0", 2 0, L_0x7f2683fd5018;  1 drivers
L_0x7f2683fd50a8 .functor BUFT 1, C4<00000>, C4<0>, C4<0>, C4<0>;
v0x564f2f1ac610_0 .net/2u *"_s12", 4 0, L_0x7f2683fd50a8;  1 drivers
L_0x7f2683fd50f0 .functor BUFT 1, C4<11>, C4<0>, C4<0>, C4<0>;
v0x564f2f1ac740_0 .net/2u *"_s14", 1 0, L_0x7f2683fd50f0;  1 drivers
v0x564f2f1ac820_0 .net *"_s16", 0 0, L_0x564f2f1ae830;  1 drivers
v0x564f2f1ac8e0_0 .net *"_s18", 4 0, L_0x564f2f1ae980;  1 drivers
v0x564f2f1ac9c0_0 .net *"_s2", 2 0, L_0x564f2f1ae2c0;  1 drivers
v0x564f2f1acaa0_0 .net *"_s22", 31 0, L_0x564f2f1aece0;  1 drivers
L_0x7f2683fd5138 .functor BUFT 1, C4<00000000000000000000000000000>, C4<0>, C4<0>, C4<0>;
v0x564f2f1acb80_0 .net *"_s25", 28 0, L_0x7f2683fd5138;  1 drivers
L_0x7f2683fd5180 .functor BUFT 1, C4<00000000000000000000000000000001>, C4<0>, C4<0>, C4<0>;
v0x564f2f1acc60_0 .net/2u *"_s26", 31 0, L_0x7f2683fd5180;  1 drivers
L_0x7f2683fd51c8 .functor BUFT 1, C4<01>, C4<0>, C4<0>, C4<0>;
v0x564f2f1acd40_0 .net/2u *"_s30", 1 0, L_0x7f2683fd51c8;  1 drivers
v0x564f2f1ace20_0 .net *"_s32", 0 0, L_0x564f2f1befc0;  1 drivers
L_0x7f2683fd5210 .functor BUFT 1, C4<00>, C4<0>, C4<0>, C4<0>;
v0x564f2f1acee0_0 .net/2u *"_s36", 1 0, L_0x7f2683fd5210;  1 drivers
v0x564f2f1acfc0_0 .net *"_s38", 0 0, L_0x564f2f1bf1b0;  1 drivers
v0x564f2f1ad080_0 .net *"_s6", 4 0, L_0x564f2f1ae580;  1 drivers
L_0x7f2683fd5060 .functor BUFT 1, C4<00>, C4<0>, C4<0>, C4<0>;
v0x564f2f1ad160_0 .net *"_s9", 1 0, L_0x7f2683fd5060;  1 drivers
v0x564f2f1ad240_0 .net "add_out", 4 0, L_0x564f2f1ae6c0;  1 drivers
v0x564f2f1ad320_0 .net "clk", 0 0, v0x564f2f1adf40_0;  1 drivers
v0x564f2f1ad3e0_0 .var "i", 2 0;
v0x564f2f1ad4c0_0 .net "i_eq_1", 0 0, L_0x564f2f1bee80;  1 drivers
v0x564f2f1ad580_0 .net "i_eq_1_state", 0 0, L_0x564f2f18b230;  1 drivers
v0x564f2f1ad640_0 .net "i_mux_out", 2 0, L_0x564f2f1ae410;  1 drivers
v0x564f2f1ad720_0 .var "next_state", 1 0;
v0x564f2f1ad800_0 .net "reset", 0 0, v0x564f2f1adfe0_0;  1 drivers
v0x564f2f1ad8c0_0 .var "state", 1 0;
v0x564f2f1ad9a0_0 .net "sum_ack", 0 0, v0x564f2f1ae080_0;  1 drivers
v0x564f2f1ada60_0 .net "sum_mux_out", 4 0, L_0x564f2f1aeb00;  1 drivers
v0x564f2f1adb40_0 .var "sum_out", 4 0;
v0x564f2f1adc20_0 .var "sum_valid", 0 0;
E_0x564f2f192340 .event posedge, v0x564f2f1ad800_0, v0x564f2f1ad320_0;
E_0x564f2f1921d0 .event edge, v0x564f2f1ad8c0_0, v0x564f2f17ea30_0, v0x564f2f1adc20_0, v0x564f2f1ad9a0_0;
L_0x564f2f1ae2c0 .arith/sub 3, v0x564f2f1ad3e0_0, L_0x7f2683fd5018;
L_0x564f2f1ae410 .functor MUXZ 3, L_0x564f2f1ae2c0, v0x564f2f1addc0_0, L_0x564f2f18b340, C4<>;
L_0x564f2f1ae580 .concat [ 3 2 0 0], v0x564f2f1ad3e0_0, L_0x7f2683fd5060;
L_0x564f2f1ae6c0 .arith/sum 5, v0x564f2f1adb40_0, L_0x564f2f1ae580;
L_0x564f2f1ae830 .cmp/eq 2, v0x564f2f1ad8c0_0, L_0x7f2683fd50f0;
L_0x564f2f1ae980 .functor MUXZ 5, L_0x564f2f1ae6c0, L_0x564f2f1aeb00, L_0x564f2f1ae830, C4<>;
L_0x564f2f1aeb00 .functor MUXZ 5, L_0x564f2f1ae980, L_0x7f2683fd50a8, L_0x564f2f18b340, C4<>;
L_0x564f2f1aece0 .concat [ 3 29 0 0], v0x564f2f1ad3e0_0, L_0x7f2683fd5138;
L_0x564f2f1bee80 .cmp/eq 32, L_0x564f2f1aece0, L_0x7f2683fd5180;
L_0x564f2f1befc0 .cmp/eq 2, v0x564f2f1ad8c0_0, L_0x7f2683fd51c8;
L_0x564f2f1bf1b0 .cmp/eq 2, v0x564f2f1ad8c0_0, L_0x7f2683fd5210;
    .scope S_0x564f2f1552b0;
T_0 ;
    %wait E_0x564f2f192340;
    %load/vec4 v0x564f2f1ad800_0;
    %flag_set/vec4 8;
    %jmp/0xz  T_0.0, 8;
    %pushi/vec4 0, 0, 5;
    %assign/vec4 v0x564f2f1adb40_0, 0;
    %pushi/vec4 0, 0, 3;
    %assign/vec4 v0x564f2f1ad3e0_0, 0;
    %pushi/vec4 0, 0, 1;
    %assign/vec4 v0x564f2f1adc20_0, 0;
    %jmp T_0.1;
T_0.0 ;
    %load/vec4 v0x564f2f1ada60_0;
    %assign/vec4 v0x564f2f1adb40_0, 0;
    %load/vec4 v0x564f2f1ad640_0;
    %assign/vec4 v0x564f2f1ad3e0_0, 0;
    %load/vec4 v0x564f2f1ad580_0;
    %assign/vec4 v0x564f2f1adc20_0, 0;
T_0.1 ;
    %jmp T_0;
    .thread T_0;
    .scope S_0x564f2f1552b0;
T_1 ;
    %wait E_0x564f2f1921d0;
    %load/vec4 v0x564f2f1ad8c0_0;
    %dup/vec4;
    %pushi/vec4 0, 0, 2;
    %cmp/u;
    %jmp/1 T_1.0, 6;
    %dup/vec4;
    %pushi/vec4 1, 0, 2;
    %cmp/u;
    %jmp/1 T_1.1, 6;
    %dup/vec4;
    %pushi/vec4 3, 0, 2;
    %cmp/u;
    %jmp/1 T_1.2, 6;
    %jmp T_1.3;
T_1.0 ;
    %load/vec4 v0x564f2f17ea30_0;
    %flag_set/vec4 8;
    %jmp/0xz  T_1.4, 8;
    %pushi/vec4 1, 0, 2;
    %store/vec4 v0x564f2f1ad720_0, 0, 2;
    %jmp T_1.5;
T_1.4 ;
    %pushi/vec4 0, 0, 2;
    %store/vec4 v0x564f2f1ad720_0, 0, 2;
T_1.5 ;
    %jmp T_1.3;
T_1.1 ;
    %load/vec4 v0x564f2f1adc20_0;
    %flag_set/vec4 8;
    %jmp/0xz  T_1.6, 8;
    %pushi/vec4 3, 0, 2;
    %store/vec4 v0x564f2f1ad720_0, 0, 2;
    %jmp T_1.7;
T_1.6 ;
    %pushi/vec4 1, 0, 2;
    %store/vec4 v0x564f2f1ad720_0, 0, 2;
T_1.7 ;
    %jmp T_1.3;
T_1.2 ;
    %load/vec4 v0x564f2f1ad9a0_0;
    %flag_set/vec4 8;
    %jmp/0xz  T_1.8, 8;
    %pushi/vec4 0, 0, 2;
    %store/vec4 v0x564f2f1ad720_0, 0, 2;
    %jmp T_1.9;
T_1.8 ;
    %pushi/vec4 3, 0, 2;
    %store/vec4 v0x564f2f1ad720_0, 0, 2;
T_1.9 ;
    %jmp T_1.3;
T_1.3 ;
    %pop/vec4 1;
    %jmp T_1;
    .thread T_1, $push;
    .scope S_0x564f2f1552b0;
T_2 ;
    %wait E_0x564f2f192340;
    %load/vec4 v0x564f2f1ad800_0;
    %flag_set/vec4 8;
    %jmp/0xz  T_2.0, 8;
    %pushi/vec4 0, 0, 2;
    %assign/vec4 v0x564f2f1ad8c0_0, 0;
    %jmp T_2.1;
T_2.0 ;
    %load/vec4 v0x564f2f1ad720_0;
    %assign/vec4 v0x564f2f1ad8c0_0, 0;
T_2.1 ;
    %jmp T_2;
    .thread T_2;
    .scope S_0x564f2f155130;
T_3 ;
    %pushi/vec4 0, 0, 1;
    %assign/vec4 v0x564f2f1adf40_0, 0;
T_3.0 ;
    %delay 10000, 0;
    %load/vec4 v0x564f2f1adf40_0;
    %inv;
    %assign/vec4 v0x564f2f1adf40_0, 0;
    %jmp T_3.0;
    %end;
    .thread T_3;
    .scope S_0x564f2f155130;
T_4 ;
    %vpi_call 2 23 "$dumpfile", "dump.vcd" {0 0 0};
    %vpi_call 2 24 "$dumpvars", 32'sb00000000000000000000000000000000, S_0x564f2f1552b0 {0 0 0};
    %pushi/vec4 1, 0, 1;
    %assign/vec4 v0x564f2f1adfe0_0, 0;
    %pushi/vec4 0, 0, 1;
    %assign/vec4 v0x564f2f1ae080_0, 0;
    %delay 20000, 0;
    %pushi/vec4 0, 0, 1;
    %assign/vec4 v0x564f2f1adfe0_0, 0;
    %pushi/vec4 1, 0, 1;
    %assign/vec4 v0x564f2f1adea0_0, 0;
    %pushi/vec4 7, 0, 3;
    %assign/vec4 v0x564f2f1addc0_0, 0;
    %delay 10000, 0;
    %pushi/vec4 0, 0, 1;
    %assign/vec4 v0x564f2f1adea0_0, 0;
    %delay 300000, 0;
    %pushi/vec4 1, 0, 1;
    %assign/vec4 v0x564f2f1ae080_0, 0;
    %delay 10000, 0;
    %pushi/vec4 0, 0, 1;
    %assign/vec4 v0x564f2f1ae080_0, 0;
    %delay 400000, 0;
    %vpi_call 2 38 "$finish" {0 0 0};
    %end;
    .thread T_4;
# The file index is used to find the file name in the following table.
:file_names 4;
    "N/A";
    "<interactive>";
    "testbench.v";
    "./VLSI_Experiment_1.v";
